#
# There is insufficient memory for the Java Runtime Environment to continue.
# Native memory allocation (mmap) failed to map 30244864 bytes for committing reserved memory.
# Possible reasons:
#   The system is out of physical RAM or swap space
#   In 32 bit mode, the process size limit was hit
# Possible solutions:
#   Reduce memory load on the system
#   Increase physical memory or swap space
#   Check if swap backing store is full
#   Use 64 bit Java on a 64 bit OS
#   Decrease Java heap size (-Xmx/-Xms)
#   Decrease number of Java threads
#   Decrease Java thread stack sizes (-Xss)
#   Set larger code cache with -XX:ReservedCodeCacheSize=
# This output file may be truncated or incomplete.
#
#  Out of Memory Error (os_linux.cpp:2640), pid=15269, tid=0x00007fb62db8b700
#
# JRE version: Java(TM) SE Runtime Environment (8.0_131-b11) (build 1.8.0_131-b11)
# Java VM: Java HotSpot(TM) 64-Bit Server VM (25.131-b11 mixed mode linux-amd64 compressed oops)
# Failed to write core dump. Core dumps have been disabled. To enable core dumping, try "ulimit -c unlimited" before starting Java again
#

---------------  T H R E A D  ---------------

Current thread (0x00007fb62806e000):  VMThread [stack: 0x00007fb62da8b000,0x00007fb62db8c000] [id=15279]

Stack: [0x00007fb62da8b000,0x00007fb62db8c000],  sp=0x00007fb62db8a190,  free space=1020k
Native frames: (J=compiled Java code, j=interpreted, Vv=VM code, C=native code)
V  [libjvm.so+0xac826a]  VMError::report_and_die()+0x2ba
V  [libjvm.so+0x4fd4cb]  report_vm_out_of_memory(char const*, int, unsigned long, VMErrorType, char const*)+0x8b
V  [libjvm.so+0x924f53]  os::Linux::commit_memory_impl(char*, unsigned long, bool)+0x103
V  [libjvm.so+0x9254a9]  os::pd_commit_memory(char*, unsigned long, unsigned long, bool)+0x29
V  [libjvm.so+0x91f6ca]  os::commit_memory(char*, unsigned long, unsigned long, bool)+0x2a
V  [libjvm.so+0xac3fc9]  VirtualSpace::expand_by(unsigned long, bool)+0x199
V  [libjvm.so+0x5faa65]  OneContigSpaceCardGeneration::grow_by(unsigned long)+0x25
V  [libjvm.so+0x5fae2f]  CardGeneration::expand(unsigned long, unsigned long)+0x6f
V  [libjvm.so+0x5faede]  OneContigSpaceCardGeneration::expand(unsigned long, unsigned long)+0x3e
V  [libjvm.so+0x5ec194]  GenCollectedHeap::do_collection(bool, bool, unsigned long, bool, int)+0x734
V  [libjvm.so+0x488444]  GenCollectorPolicy::satisfy_failed_allocation(unsigned long, bool)+0x134
V  [libjvm.so+0xac9274]  VM_GenCollectForAllocation::doit()+0x94
V  [libjvm.so+0xad1765]  VM_Operation::evaluate()+0x55
V  [libjvm.so+0xacfb3a]  VMThread::evaluate_operation(VM_Operation*)+0xba
V  [libjvm.so+0xacfebe]  VMThread::loop()+0x1ce
V  [libjvm.so+0xad0330]  VMThread::run()+0x70
V  [libjvm.so+0x927568]  java_start(Thread*)+0x108

VM_Operation (0x00007fb62c22b630): GenCollectForAllocation, mode: safepoint, requested by thread 0x00007fb628e42800


---------------  P R O C E S S  ---------------

Java Threads: ( => current thread )
  0x00007fb60471a800 JavaThread "Abandoned connection cleanup thread" daemon [_thread_blocked, id=15300, stack(0x00007fb5fa24a000,0x00007fb5fa34b000)]
  0x00007fb6046e9000 JavaThread "Tomcat JDBC Pool Cleaner[1915214518:1513360923012]" daemon [_thread_blocked, id=15299, stack(0x00007fb5fa34b000,0x00007fb5fa44c000)]
  0x00007fb604688800 JavaThread "container-0" [_thread_blocked, id=15298, stack(0x00007fb5fa64c000,0x00007fb5fa74d000)]
  0x00007fb604688000 JavaThread "ContainerBackgroundProcessor[StandardEngine[Tomcat]]" daemon [_thread_blocked, id=15297, stack(0x00007fb5fa74d000,0x00007fb5fa84e000)]
  0x00007fb6140a0800 JavaThread "localhost-startStop-1" daemon [_thread_blocked, id=15296, stack(0x00007fb5fb2e9000,0x00007fb5fb3ea000)]
  0x00007fb60467b000 JavaThread "Tomcat-startStop-1" daemon [_thread_blocked, id=15295, stack(0x00007fb5fb7ea000,0x00007fb5fb8eb000)]
  0x00007fb628e42800 JavaThread "main" [_thread_blocked, id=15292, stack(0x00007fb62c130000,0x00007fb62c231000)]
  0x00007fb628204000 JavaThread "process reaper" daemon [_thread_blocked, id=15291, stack(0x00007fb62c0f7000,0x00007fb62c130000)]
  0x00007fb6280b4000 JavaThread "Service Thread" daemon [_thread_blocked, id=15285, stack(0x00007fb62d2ed000,0x00007fb62d3ee000)]
  0x00007fb6280b1000 JavaThread "C1 CompilerThread1" daemon [_thread_blocked, id=15284, stack(0x00007fb62d3ee000,0x00007fb62d4ef000)]
  0x00007fb6280ae800 JavaThread "C2 CompilerThread0" daemon [_thread_blocked, id=15283, stack(0x00007fb62d4ef000,0x00007fb62d5f0000)]
  0x00007fb6280ad000 JavaThread "Signal Dispatcher" daemon [_thread_blocked, id=15282, stack(0x00007fb62d5f0000,0x00007fb62d6f1000)]
  0x00007fb62807a800 JavaThread "Finalizer" daemon [_thread_blocked, id=15281, stack(0x00007fb62d889000,0x00007fb62d98a000)]
  0x00007fb628076000 JavaThread "Reference Handler" daemon [_thread_blocked, id=15280, stack(0x00007fb62d98a000,0x00007fb62da8b000)]
  0x00007fb628009800 JavaThread "main" [_thread_blocked, id=15278, stack(0x00007fb63191f000,0x00007fb631a20000)]

Other Threads:
=>0x00007fb62806e000 VMThread [stack: 0x00007fb62da8b000,0x00007fb62db8c000] [id=15279]
  0x00007fb6280b7000 WatcherThread [stack: 0x00007fb62d1ec000,0x00007fb62d2ed000] [id=15286]

VM state:at safepoint (normal execution)

VM Mutex/Monitor currently owned by a thread:  ([mutex/lock_event])
[0x00007fb628006070] Threads_lock - owner thread: 0x00007fb62806e000
[0x00007fb628006570] Heap_lock - owner thread: 0x00007fb628e42800

Heap:
 def new generation   total 19648K, used 240K [0x00000000f0800000, 0x00000000f1d50000, 0x00000000f5aa0000)
  eden space 17472K,   1% used [0x00000000f0800000, 0x00000000f083c218, 0x00000000f1910000)
  from space 2176K,   0% used [0x00000000f1b30000, 0x00000000f1b30000, 0x00000000f1d50000)
  to   space 2176K,   0% used [0x00000000f1910000, 0x00000000f1910000, 0x00000000f1b30000)
 tenured generation   total 44300K, used 44299K [0x00000000f5aa0000, 0x00000000f85e3000, 0x0000000100000000)
   the space 44300K,  99% used [0x00000000f5aa0000, 0x00000000f85e2fb0, 0x00000000f85e3000, 0x00000000f85e3000)
 Metaspace       used 58772K, capacity 59728K, committed 60032K, reserved 1101824K
  class space    used 7460K, capacity 7754K, committed 7808K, reserved 1048576K

Card table byte_map: [0x00007fb63189a000,0x00007fb631917000] byte_map_base: 0x00007fb631116000

Polling page: 0x00007fb631a29000

CodeCache: size=245760Kb used=16181Kb max_used=16181Kb free=229578Kb
 bounds [0x00007fb619000000, 0x00007fb619ff0000, 0x00007fb628000000]
 total_blobs=6054 nmethods=5493 adapters=474
 compilation: enabled

Compilation events (10 events):
Event: 16.483 Thread 0x00007fb6280b1000 6284       3       java.beans.Introspector::addPropertyDescriptors (37 bytes)
Event: 16.483 Thread 0x00007fb6280b1000 nmethod 6284 0x00007fb619fdee90 code [0x00007fb619fdf000, 0x00007fb619fdf2a0]
Event: 16.503 Thread 0x00007fb6280b1000 6285       3       org.springframework.core.ResolvableType::resolveType (151 bytes)
Event: 16.504 Thread 0x00007fb6280b1000 nmethod 6285 0x00007fb619fdf3d0 code [0x00007fb619fdf6a0, 0x00007fb619fe0c48]
Event: 16.507 Thread 0x00007fb6280b1000 6287       3       java.lang.reflect.Executable::synthesizeAllParams (57 bytes)
Event: 16.508 Thread 0x00007fb6280b1000 nmethod 6287 0x00007fb619fe16d0 code [0x00007fb619fe18e0, 0x00007fb619fe2418]
Event: 16.513 Thread 0x00007fb6280b1000 6288       3       com.sun.org.apache.xalan.internal.utils.XMLSecurityManager$NameMap::getOldName (18 bytes)
Event: 16.513 Thread 0x00007fb6280b1000 nmethod 6288 0x00007fb619fe2950 code [0x00007fb619fe2ac0, 0x00007fb619fe2d20]
Event: 16.513 Thread 0x00007fb6280b1000 6289       1       com.fasterxml.jackson.databind.SerializationFeature::enabledByDefault (5 bytes)
Event: 16.513 Thread 0x00007fb6280b1000 nmethod 6289 0x00007fb619fe2dd0 code [0x00007fb619fe2f20, 0x00007fb619fe3030]

GC Heap History (10 events):
Event: 14.638 GC heap after
Heap after GC invocations=79 (full 4):
 def new generation   total 19648K, used 1894K [0x00000000f0800000, 0x00000000f1d50000, 0x00000000f5aa0000)
  eden space 17472K,   0% used [0x00000000f0800000, 0x00000000f0800000, 0x00000000f1910000)
  from space 2176K,  87% used [0x00000000f1910000, 0x00000000f1ae9828, 0x00000000f1b30000)
  to   space 2176K,   0% used [0x00000000f1b30000, 0x00000000f1b30000, 0x00000000f1d50000)
 tenured generation   total 43532K, used 40965K [0x00000000f5aa0000, 0x00000000f8523000, 0x0000000100000000)
   the space 43532K,  94% used [0x00000000f5aa0000, 0x00000000f82a1568, 0x00000000f82a1600, 0x00000000f8523000)
 Metaspace       used 53139K, capacity 54136K, committed 54400K, reserved 1097728K
  class space    used 6664K, capacity 6982K, committed 7040K, reserved 1048576K
}
Event: 14.970 GC heap before
{Heap before GC invocations=79 (full 4):
 def new generation   total 19648K, used 19366K [0x00000000f0800000, 0x00000000f1d50000, 0x00000000f5aa0000)
  eden space 17472K, 100% used [0x00000000f0800000, 0x00000000f1910000, 0x00000000f1910000)
  from space 2176K,  87% used [0x00000000f1910000, 0x00000000f1ae9828, 0x00000000f1b30000)
  to   space 2176K,   0% used [0x00000000f1b30000, 0x00000000f1b30000, 0x00000000f1d50000)
 tenured generation   total 43532K, used 40965K [0x00000000f5aa0000, 0x00000000f8523000, 0x0000000100000000)
   the space 43532K,  94% used [0x00000000f5aa0000, 0x00000000f82a1568, 0x00000000f82a1600, 0x00000000f8523000)
 Metaspace       used 54867K, capacity 55832K, committed 56192K, reserved 1097728K
  class space    used 6918K, capacity 7206K, committed 7296K, reserved 1048576K
Event: 14.978 GC heap after
Heap after GC invocations=80 (full 4):
 def new generation   total 19648K, used 1797K [0x00000000f0800000, 0x00000000f1d50000, 0x00000000f5aa0000)
  eden space 17472K,   0% used [0x00000000f0800000, 0x00000000f0800000, 0x00000000f1910000)
  from space 2176K,  82% used [0x00000000f1b30000, 0x00000000f1cf1760, 0x00000000f1d50000)
  to   space 2176K,   0% used [0x00000000f1910000, 0x00000000f1910000, 0x00000000f1b30000)
 tenured generation   total 43532K, used 41318K [0x00000000f5aa0000, 0x00000000f8523000, 0x0000000100000000)
   the space 43532K,  94% used [0x00000000f5aa0000, 0x00000000f82f9970, 0x00000000f82f9a00, 0x00000000f8523000)
 Metaspace       used 54867K, capacity 55832K, committed 56192K, reserved 1097728K
  class space    used 6918K, capacity 7206K, committed 7296K, reserved 1048576K
}
Event: 15.540 GC heap before
{Heap before GC invocations=80 (full 4):
 def new generation   total 19648K, used 19269K [0x00000000f0800000, 0x00000000f1d50000, 0x00000000f5aa0000)
  eden space 17472K, 100% used [0x00000000f0800000, 0x00000000f1910000, 0x00000000f1910000)
  from space 2176K,  82% used [0x00000000f1b30000, 0x00000000f1cf1760, 0x00000000f1d50000)
  to   space 2176K,   0% used [0x00000000f1910000, 0x00000000f1910000, 0x00000000f1b30000)
 tenured generation   total 43532K, used 41318K [0x00000000f5aa0000, 0x00000000f8523000, 0x0000000100000000)
   the space 43532K,  94% used [0x00000000f5aa0000, 0x00000000f82f9970, 0x00000000f82f9a00, 0x00000000f8523000)
 Metaspace       used 56504K, capacity 57432K, committed 57728K, reserved 1099776K
  class space    used 7160K, capacity 7462K, committed 7552K, reserved 1048576K
Event: 15.551 GC heap after
Heap after GC invocations=81 (full 4):
 def new generation   total 19648K, used 1952K [0x00000000f0800000, 0x00000000f1d50000, 0x00000000f5aa0000)
  eden space 17472K,   0% used [0x00000000f0800000, 0x00000000f0800000, 0x00000000f1910000)
  from space 2176K,  89% used [0x00000000f1910000, 0x00000000f1af8388, 0x00000000f1b30000)
  to   space 2176K,   0% used [0x00000000f1b30000, 0x00000000f1b30000, 0x00000000f1d50000)
 tenured generation   total 43532K, used 41702K [0x00000000f5aa0000, 0x00000000f8523000, 0x0000000100000000)
   the space 43532K,  95% used [0x00000000f5aa0000, 0x00000000f8359840, 0x00000000f8359a00, 0x00000000f8523000)
 Metaspace       used 56504K, capacity 57432K, committed 57728K, reserved 1099776K
  class space    used 7160K, capacity 7462K, committed 7552K, reserved 1048576K
}
Event: 15.948 GC heap before
{Heap before GC invocations=81 (full 4):
 def new generation   total 19648K, used 19424K [0x00000000f0800000, 0x00000000f1d50000, 0x00000000f5aa0000)
  eden space 17472K, 100% used [0x00000000f0800000, 0x00000000f1910000, 0x00000000f1910000)
  from space 2176K,  89% used [0x00000000f1910000, 0x00000000f1af8388, 0x00000000f1b30000)
  to   space 2176K,   0% used [0x00000000f1b30000, 0x00000000f1b30000, 0x00000000f1d50000)
 tenured generation   total 43532K, used 41702K [0x00000000f5aa0000, 0x00000000f8523000, 0x0000000100000000)
   the space 43532K,  95% used [0x00000000f5aa0000, 0x00000000f8359840, 0x00000000f8359a00, 0x00000000f8523000)
 Metaspace       used 57932K, capacity 58884K, committed 59136K, reserved 1101824K
  class space    used 7347K, capacity 7624K, committed 7680K, reserved 1048576K
Event: 15.963 GC heap after
Heap after GC invocations=82 (full 4):
 def new generation   total 19648K, used 1959K [0x00000000f0800000, 0x00000000f1d50000, 0x00000000f5aa0000)
  eden space 17472K,   0% used [0x00000000f0800000, 0x00000000f0800000, 0x00000000f1910000)
  from space 2176K,  90% used [0x00000000f1b30000, 0x00000000f1d19ff8, 0x00000000f1d50000)
  to   space 2176K,   0% used [0x00000000f1910000, 0x00000000f1910000, 0x00000000f1b30000)
 tenured generation   total 43532K, used 42203K [0x00000000f5aa0000, 0x00000000f8523000, 0x0000000100000000)
   the space 43532K,  96% used [0x00000000f5aa0000, 0x00000000f83d6c30, 0x00000000f83d6e00, 0x00000000f8523000)
 Metaspace       used 57932K, capacity 58884K, committed 59136K, reserved 1101824K
  class space    used 7347K, capacity 7624K, committed 7680K, reserved 1048576K
}
Event: 16.249 GC heap before
{Heap before GC invocations=82 (full 4):
 def new generation   total 19648K, used 19431K [0x00000000f0800000, 0x00000000f1d50000, 0x00000000f5aa0000)
  eden space 17472K, 100% used [0x00000000f0800000, 0x00000000f1910000, 0x00000000f1910000)
  from space 2176K,  90% used [0x00000000f1b30000, 0x00000000f1d19ff8, 0x00000000f1d50000)
  to   space 2176K,   0% used [0x00000000f1910000, 0x00000000f1910000, 0x00000000f1b30000)
 tenured generation   total 43532K, used 42203K [0x00000000f5aa0000, 0x00000000f8523000, 0x0000000100000000)
   the space 43532K,  96% used [0x00000000f5aa0000, 0x00000000f83d6c30, 0x00000000f83d6e00, 0x00000000f8523000)
 Metaspace       used 58359K, capacity 59332K, committed 59776K, reserved 1101824K
  class space    used 7408K, capacity 7688K, committed 7808K, reserved 1048576K
Event: 16.258 GC heap after
Heap after GC invocations=83 (full 4):
 def new generation   total 19648K, used 1471K [0x00000000f0800000, 0x00000000f1d50000, 0x00000000f5aa0000)
  eden space 17472K,   0% used [0x00000000f0800000, 0x00000000f0800000, 0x00000000f1910000)
  from space 2176K,  67% used [0x00000000f1910000, 0x00000000f1a7fe80, 0x00000000f1b30000)
  to   space 2176K,   0% used [0x00000000f1b30000, 0x00000000f1b30000, 0x00000000f1d50000)
 tenured generation   total 43532K, used 43062K [0x00000000f5aa0000, 0x00000000f8523000, 0x0000000100000000)
   the space 43532K,  98% used [0x00000000f5aa0000, 0x00000000f84ad970, 0x00000000f84ada00, 0x00000000f8523000)
 Metaspace       used 58359K, capacity 59332K, committed 59776K, reserved 1101824K
  class space    used 7408K, capacity 7688K, committed 7808K, reserved 1048576K
}
Event: 16.521 GC heap before
{Heap before GC invocations=83 (full 4):
 def new generation   total 19648K, used 18943K [0x00000000f0800000, 0x00000000f1d50000, 0x00000000f5aa0000)
  eden space 17472K, 100% used [0x00000000f0800000, 0x00000000f1910000, 0x00000000f1910000)
  from space 2176K,  67% used [0x00000000f1910000, 0x00000000f1a7fe80, 0x00000000f1b30000)
  to   space 2176K,   0% used [0x00000000f1b30000, 0x00000000f1b30000, 0x00000000f1d50000)
 tenured generation   total 43532K, used 43062K [0x00000000f5aa0000, 0x00000000f8523000, 0x0000000100000000)
   the space 43532K,  98% used [0x00000000f5aa0000, 0x00000000f84ad970, 0x00000000f84ada00, 0x00000000f8523000)
 Metaspace       used 58772K, capacity 59728K, committed 60032K, reserved 1101824K
  class space    used 7460K, capacity 7754K, committed 7808K, reserved 1048576K

Deoptimization events (10 events):
Event: 15.015 Thread 0x00007fb628e42800 Uncommon trap: reason=array_check action=maybe_recompile pc=0x00007fb619f1e398 method=java.util.AbstractCollection.toArray([Ljava/lang/Object;)[Ljava/lang/Object; @ 119
Event: 15.040 Thread 0x00007fb628e42800 Uncommon trap: reason=unstable_if action=reinterpret pc=0x00007fb6197f10f0 method=java.util.HashMap.putVal(ILjava/lang/Object;Ljava/lang/Object;ZZ)Ljava/lang/Object; @ 162
Event: 15.041 Thread 0x00007fb628e42800 Uncommon trap: reason=unstable_if action=reinterpret pc=0x00007fb619ab1eb8 method=java.util.HashMap.getNode(ILjava/lang/Object;)Ljava/util/HashMap$Node; @ 84
Event: 15.508 Thread 0x00007fb628e42800 Uncommon trap: reason=array_check action=maybe_recompile pc=0x00007fb619f1e398 method=java.util.AbstractCollection.toArray([Ljava/lang/Object;)[Ljava/lang/Object; @ 119
Event: 15.618 Thread 0x00007fb628e42800 Uncommon trap: reason=unstable_if action=reinterpret pc=0x00007fb619a47ae8 method=java.lang.Class.arrayContentsEq([Ljava/lang/Object;[Ljava/lang/Object;)Z @ 10
Event: 15.649 Thread 0x00007fb628e42800 Uncommon trap: reason=unstable_if action=reinterpret pc=0x00007fb6196e629c method=java.util.HashMap.putMapEntries(Ljava/util/Map;Z)V @ 53
Event: 16.180 Thread 0x00007fb628e42800 Uncommon trap: reason=unstable_if action=reinterpret pc=0x00007fb6197ab14c method=java.util.concurrent.ConcurrentHashMap.putVal(Ljava/lang/Object;Ljava/lang/Object;Z)Ljava/lang/Object; @ 331
Event: 16.192 Thread 0x00007fb628e42800 Uncommon trap: reason=unstable_if action=reinterpret pc=0x00007fb619492470 method=java.util.concurrent.ConcurrentHashMap.get(Ljava/lang/Object;)Ljava/lang/Object; @ 86
Event: 16.348 Thread 0x00007fb628e42800 Uncommon trap: reason=unstable_if action=reinterpret pc=0x00007fb619fb60d4 method=org.springframework.asm.Frame.merge(Lorg/springframework/asm/ClassWriter;I[II)Z @ 80
Event: 16.352 Thread 0x00007fb628e42800 Uncommon trap: reason=unstable_if action=reinterpret pc=0x00007fb619e21b14 method=org.springframework.asm.Frame.merge(Lorg/springframework/asm/ClassWriter;I[II)Z @ 80

Internal exceptions (10 events):
Event: 16.495 Thread 0x00007fb628e42800 Exception <a 'java/lang/ClassNotFoundException': org/springframework/http/converter/AbstractHttpMessageConverterCustomizer> (0x00000000f172ee80) thrown at [/HUDSON/workspace/8-2-build-linux-amd64/jdk8u131/8869/hotspot/src/share/vm/classfile/systemDictiona
Event: 16.495 Thread 0x00007fb628e42800 Exception <a 'java/lang/ClassNotFoundException': org/springframework/http/converter/AbstractGenericHttpMessageConverterCustomizer> (0x00000000f174f4c0) thrown at [/HUDSON/workspace/8-2-build-linux-amd64/jdk8u131/8869/hotspot/src/share/vm/classfile/systemD
Event: 16.496 Thread 0x00007fb628e42800 Exception <a 'java/lang/ClassNotFoundException': org/springframework/http/converter/json/AbstractJackson2HttpMessageConverterCustomizer> (0x00000000f176fa20) thrown at [/HUDSON/workspace/8-2-build-linux-amd64/jdk8u131/8869/hotspot/src/share/vm/classfile/s
Event: 16.496 Thread 0x00007fb628e42800 Exception <a 'java/lang/ClassNotFoundException': org/springframework/http/converter/json/MappingJackson2HttpMessageConverterCustomizer> (0x00000000f1796660) thrown at [/HUDSON/workspace/8-2-build-linux-amd64/jdk8u131/8869/hotspot/src/share/vm/classfile/sy
Event: 16.497 Thread 0x00007fb628e42800 Exception <a 'java/lang/ClassNotFoundException': org/springframework/http/converter/GenericHttpMessageConverterCustomizer> (0x00000000f17b6df8) thrown at [/HUDSON/workspace/8-2-build-linux-amd64/jdk8u131/8869/hotspot/src/share/vm/classfile/systemDictionar
Event: 16.497 Thread 0x00007fb628e42800 Exception <a 'java/lang/ClassNotFoundException': org/springframework/http/converter/HttpMessageConverterCustomizer> (0x00000000f17d1d08) thrown at [/HUDSON/workspace/8-2-build-linux-amd64/jdk8u131/8869/hotspot/src/share/vm/classfile/systemDictionary.cpp, 
Event: 16.498 Thread 0x00007fb628e42800 Exception <a 'java/lang/ClassNotFoundException': java/lang/ObjectCustomizer> (0x00000000f17e96e8) thrown at [/HUDSON/workspace/8-2-build-linux-amd64/jdk8u131/8869/hotspot/src/share/vm/classfile/systemDictionary.cpp, line 210]
Event: 16.498 Thread 0x00007fb628e42800 Exception <a 'java/lang/ClassNotFoundException': org/springframework/boot/autoconfigure/web/HttpMessageConvertersAutoConfigurationCustomizer> (0x00000000f18049a0) thrown at [/HUDSON/workspace/8-2-build-linux-amd64/jdk8u131/8869/hotspot/src/share/vm/classf
Event: 16.503 Thread 0x00007fb628e42800 Exception <a 'java/lang/ClassNotFoundException': org/springframework/boot/autoconfigure/web/HttpMessageConvertersAutoConfiguration$$EnhancerBySpringCGLIB$$fb21523aCustomizer> (0x00000000f1823ac0) thrown at [/HUDSON/workspace/8-2-build-linux-amd64/jdk8u131
Event: 16.504 Thread 0x00007fb628e42800 Exception <a 'java/lang/ClassNotFoundException': org/springframework/context/annotation/ConfigurationClassEnhancer$EnhancedConfigurationCustomizer> (0x00000000f1843950) thrown at [/HUDSON/workspace/8-2-build-linux-amd64/jdk8u131/8869/hotspot/src/share/vm/

Events (10 events):
Event: 16.513 loading class com/fasterxml/jackson/datatype/jsr310$JavaTimeModule done
Event: 16.513 loading class org/joda/time/LocalDate
Event: 16.513 loading class org/joda/time/LocalDate done
Event: 16.514 loading class org/joda/time$LocalDate
Event: 16.514 loading class org/joda/time$LocalDate done
Event: 16.514 loading class kotlin/Unit
Event: 16.514 loading class kotlin/Unit done
Event: 16.514 loading class kotlin$Unit
Event: 16.514 loading class kotlin$Unit done
Event: 16.520 Executing VM operation: GenCollectForAllocation


Dynamic libraries:
00400000-00401000 r-xp 00000000 ca:01 256150                             /home/ubuntu/jdk1.8.0_131/bin/java
00600000-00601000 rw-p 00000000 ca:01 256150                             /home/ubuntu/jdk1.8.0_131/bin/java
01321000-01342000 rw-p 00000000 00:00 0                                  [heap]
f0800000-f1d50000 rw-p 00000000 00:00 0 
f1d50000-f5aa0000 ---p 00000000 00:00 0 
f5aa0000-f85e3000 rw-p 00000000 00:00 0 
fa2bb000-100000000 ---p 00000000 00:00 0 
100000000-1007a0000 rw-p 00000000 00:00 0 
1007a0000-140000000 ---p 00000000 00:00 0 
7fb5f984a000-7fb5f994a000 rw-p 00000000 00:00 0 
7fb5f994a000-7fb5f9a4a000 ---p 00000000 00:00 0 
7fb5f9a4a000-7fb5f9c4a000 rw-p 00000000 00:00 0 
7fb5f9c4a000-7fb5f9e4a000 rw-p 00000000 00:00 0 
7fb5f9e4a000-7fb5fa04a000 rw-p 00000000 00:00 0 
7fb5fa04a000-7fb5fa24a000 rw-p 00000000 00:00 0 
7fb5fa24a000-7fb5fa24d000 ---p 00000000 00:00 0 
7fb5fa24d000-7fb5fa34b000 rw-p 00000000 00:00 0 
7fb5fa34b000-7fb5fa34e000 ---p 00000000 00:00 0 
7fb5fa34e000-7fb5fa64c000 rw-p 00000000 00:00 0 
7fb5fa64c000-7fb5fa64f000 ---p 00000000 00:00 0 
7fb5fa64f000-7fb5fa74d000 rw-p 00000000 00:00 0 
7fb5fa74d000-7fb5fa750000 ---p 00000000 00:00 0 
7fb5fa750000-7fb5faa4e000 rw-p 00000000 00:00 0 
7fb5faa4e000-7fb5faa53000 r--s 002f9000 ca:01 257694                     /home/ubuntu/jdk1.8.0_131/jre/lib/charsets.jar
7fb5faa53000-7fb5fac53000 rw-p 00000000 00:00 0 
7fb5fac53000-7fb5fae53000 rw-p 00000000 00:00 0 
7fb5fae53000-7fb5fb053000 rw-p 00000000 00:00 0 
7fb5fb053000-7fb5fb0e9000 r--s 0110d000 ca:01 257753                     /home/ubuntu/jdk1.8.0_131/jre/lib/ext/jfxrt.jar
7fb5fb0e9000-7fb5fb2e9000 rw-p 00000000 00:00 0 
7fb5fb2e9000-7fb5fb2ec000 ---p 00000000 00:00 0 
7fb5fb2ec000-7fb5fb5ea000 rw-p 00000000 00:00 0 
7fb5fb5ea000-7fb5fb7ea000 rw-p 00000000 00:00 0 
7fb5fb7ea000-7fb5fb7ed000 ---p 00000000 00:00 0 
7fb5fb7ed000-7fb5fbaeb000 rw-p 00000000 00:00 0 
7fb5fbaeb000-7fb5fbaf4000 r-xp 00000000 ca:01 257913                     /home/ubuntu/jdk1.8.0_131/jre/lib/amd64/libmanagement.so
7fb5fbaf4000-7fb5fbcf3000 ---p 00009000 ca:01 257913                     /home/ubuntu/jdk1.8.0_131/jre/lib/amd64/libmanagement.so
7fb5fbcf3000-7fb5fbcf4000 rw-p 00008000 ca:01 257913                     /home/ubuntu/jdk1.8.0_131/jre/lib/amd64/libmanagement.so
7fb5fbcf4000-7fb5fbef4000 rw-p 00000000 00:00 0 
7fb5fbef4000-7fb5fbefe000 r--s 000eb000 ca:01 1840321                    /home/ubuntu/.m2/repository/mysql/mysql-connector-java/5.1.44/mysql-connector-java-5.1.44.jar
7fb5fbefe000-7fb5fbf01000 r--s 0000c000 ca:01 2346573                    /home/ubuntu/.m2/repository/org/springframework/spring-aspects/4.3.12.RELEASE/spring-aspects-4.3.12.RELEASE.jar
7fb5fbf01000-7fb5fbf03000 r--s 00003000 ca:01 2346570                    /home/ubuntu/.m2/repository/org/slf4j/jcl-over-slf4j/1.7.25/jcl-over-slf4j-1.7.25.jar
7fb5fbf03000-7fb5fbf05000 r--s 00009000 ca:01 2346567                    /home/ubuntu/.m2/repository/org/slf4j/slf4j-api/1.7.25/slf4j-api-1.7.25.jar
7fb5fbf05000-7fb5fbf0d000 r--s 0003a000 ca:01 2346565                    /home/ubuntu/.m2/repository/org/springframework/spring-tx/4.3.12.RELEASE/spring-tx-4.3.12.RELEASE.jar
7fb5fbf0d000-7fb5fbf17000 r--s 0006b000 ca:01 2346563                    /home/ubuntu/.m2/repository/org/springframework/spring-orm/4.3.12.RELEASE/spring-orm-4.3.12.RELEASE.jar
7fb5fbf17000-7fb5fbf2a000 r--s 000ad000 ca:01 2346561                    /home/ubuntu/.m2/repository/org/springframework/data/spring-data-commons/1.13.8.RELEASE/spring-data-commons-1.13.8.RELEASE.jar
7fb5fbf2a000-7fb5fbf31000 r--s 00041000 ca:01 2346559                    /home/ubuntu/.m2/repository/org/springframework/data/spring-data-jpa/1.11.8.RELEASE/spring-data-jpa-1.11.8.RELEASE.jar
7fb5fbf31000-7fb5fbf33000 r--s 00006000 ca:01 1595645                    /home/ubuntu/.m2/repository/javax/transaction/javax.transaction-api/1.2/javax.transaction-api-1.2.jar
7fb5fbf33000-7fb5fbf40000 r--s 00089000 ca:01 2346557                    /home/ubuntu/.m2/repository/org/hibernate/hibernate-entitymanager/5.0.12.Final/hibernate-entitymanager-5.0.12.Final.jar
7fb5fbf40000-7fb5fbf43000 r--s 00010000 ca:01 2346555                    /home/ubuntu/.m2/repository/org/hibernate/common/hibernate-commons-annotations/5.0.1.Final/hibernate-commons-annotations-5.0.1.Final.jar
7fb5fbf43000-7fb5fbf48000 r--s 00048000 ca:01 1548653                    /home/ubuntu/.m2/repository/dom4j/dom4j/1.6.1/dom4j-1.6.1.jar
7fb5fbf48000-7fb5fbf4b000 r--s 0002b000 ca:01 2346553                    /home/ubuntu/.m2/repository/org/jboss/jandex/2.0.0.Final/jandex-2.0.0.Final.jar
7fb5fbf4b000-7fb5fbf50000 r--s 00068000 ca:01 1595643                    /home/ubuntu/.m2/repository/antlr/antlr/2.7.7/antlr-2.7.7.jar
7fb5fbf50000-7fb5fbf5a000 r--s 000aa000 ca:01 2346551                    /home/ubuntu/.m2/repository/org/javassist/javassist/3.21.0-GA/javassist-3.21.0-GA.jar
7fb5fbf5a000-7fb5fbf5f000 r--s 00017000 ca:01 2346549                    /home/ubuntu/.m2/repository/org/hibernate/javax/persistence/hibernate-jpa-2.1-api/1.0.0.Final/hibernate-jpa-2.1-api-1.0.0.Final.jar
7fb5fbf5f000-7fb5fbfc8000 r--s 004f3000 ca:01 2346494                    /home/ubuntu/.m2/repository/org/hibernate/hibernate-core/5.0.12.Final/hibernate-core-5.0.12.Final.jar
7fb5fbfc8000-7fb5fbfd2000 r--s 0005f000 ca:01 2346545                    /home/ubuntu/.m2/repository/org/springframework/spring-jdbc/4.3.12.RELEASE/spring-jdbc-4.3.12.RELEASE.jar
7fb5fbfd2000-7fb5fbfd3000 r--s 0000b000 ca:01 2346543                    /home/ubuntu/.m2/repository/org/apache/tomcat/tomcat-juli/8.5.23/tomcat-juli-8.5.23.jar
7fb5fbfd3000-7fb5fbfd6000 r--s 00021000 ca:01 2346541                    /home/ubuntu/.m2/repository/org/apache/tomcat/tomcat-jdbc/8.5.23/tomcat-jdbc-8.5.23.jar
7fb5fbfd6000-7fb5fbfd7000 r--s 00000000 ca:01 2346539                    /home/ubuntu/.m2/repository/org/springframework/boot/spring-boot-starter-jdbc/1.5.8.RELEASE/spring-boot-starter-jdbc-1.5.8.RELEASE.jar
7fb5fbfd7000-7fb5fbfef000 r--s 001bf000 ca:01 2346524                    /home/ubuntu/.m2/repository/org/aspectj/aspectjweaver/1.8.11/aspectjweaver-1.8.11.jar
7fb5fbfef000-7fb5fc000000 r--s 000cf000 ca:01 2346529                    /home/ubuntu/.m2/repository/org/springframework/spring-webmvc/4.3.12.RELEASE/spring-webmvc-4.3.12.RELEASE.jar
7fb5fc000000-7fb5fd3d9000 rw-p 00000000 00:00 0 
7fb5fd3d9000-7fb600000000 ---p 00000000 00:00 0 
7fb600000000-7fb600021000 rw-p 00000000 00:00 0 
7fb600021000-7fb604000000 ---p 00000000 00:00 0 
7fb604000000-7fb604ca3000 rw-p 00000000 00:00 0 
7fb604ca3000-7fb608000000 ---p 00000000 00:00 0 
7fb608000000-7fb609d57000 rw-p 00000000 00:00 0 
7fb609d57000-7fb60c000000 ---p 00000000 00:00 0 
7fb60c000000-7fb60c02a000 rw-p 00000000 00:00 0 
7fb60c02a000-7fb610000000 ---p 00000000 00:00 0 
7fb610000000-7fb6101d7000 rw-p 00000000 00:00 0 
7fb6101d7000-7fb614000000 ---p 00000000 00:00 0 
7fb614000000-7fb614450000 rw-p 00000000 00:00 0 
7fb614450000-7fb618000000 ---p 00000000 00:00 0 
7fb618000000-7fb618001000 r--s 00000000 ca:01 2346535                    /home/ubuntu/.m2/repository/org/springframework/boot/spring-boot-starter-aop/1.5.8.RELEASE/spring-boot-starter-aop-1.5.8.RELEASE.jar
7fb618001000-7fb618002000 r--s 00000000 ca:01 2346533                    /home/ubuntu/.m2/repository/org/springframework/boot/spring-boot-starter-data-jpa/1.5.8.RELEASE/spring-boot-starter-data-jpa-1.5.8.RELEASE.jar
7fb618002000-7fb618007000 r--s 0003c000 ca:01 2346531                    /home/ubuntu/.m2/repository/org/springframework/spring-expression/4.3.12.RELEASE/spring-expression-4.3.12.RELEASE.jar
7fb618007000-7fb618020000 r--s 000fe000 ca:01 2346527                    /home/ubuntu/.m2/repository/org/springframework/spring-context/4.3.12.RELEASE/spring-context-4.3.12.RELEASE.jar
7fb618020000-7fb61802e000 r--s 000ad000 ca:01 2346525                    /home/ubuntu/.m2/repository/org/springframework/spring-beans/4.3.12.RELEASE/spring-beans-4.3.12.RELEASE.jar
7fb61802e000-7fb618037000 r--s 00054000 ca:01 2346523                    /home/ubuntu/.m2/repository/org/springframework/spring-aop/4.3.12.RELEASE/spring-aop-4.3.12.RELEASE.jar
7fb618037000-7fb618048000 r--s 000b8000 ca:01 2346521                    /home/ubuntu/.m2/repository/org/springframework/spring-web/4.3.12.RELEASE/spring-web-4.3.12.RELEASE.jar
7fb618048000-7fb61804c000 r--s 00042000 ca:01 2092457                    /home/ubuntu/.m2/repository/com/fasterxml/jackson/core/jackson-core/2.8.10/jackson-core-2.8.10.jar
7fb61804c000-7fb61804f000 r--s 0000b000 ca:01 2092455                    /home/ubuntu/.m2/repository/com/fasterxml/jackson/core/jackson-annotations/2.8.0/jackson-annotations-2.8.0.jar
7fb61804f000-7fb618061000 r--s 0011e000 ca:01 2346520                    /home/ubuntu/.m2/repository/com/fasterxml/jackson/core/jackson-databind/2.8.10/jackson-databind-2.8.10.jar
7fb618061000-7fb618063000 r--s 0000e000 ca:01 1840319                    /home/ubuntu/.m2/repository/com/fasterxml/classmate/1.3.4/classmate-1.3.4.jar
7fb618063000-7fb618066000 r--s 0000e000 ca:01 2346518                    /home/ubuntu/.m2/repository/org/jboss/logging/jboss-logging/3.3.1.Final/jboss-logging-3.3.1.Final.jar
7fb618066000-7fb61806a000 r--s 0000c000 ca:01 1840317                    /home/ubuntu/.m2/repository/javax/validation/validation-api/1.1.0.Final/validation-api-1.1.0.Final.jar
7fb61806a000-7fb61807b000 r--s 000a1000 ca:01 2346515                    /home/ubuntu/.m2/repository/org/hibernate/hibernate-validator/5.3.5.Final/hibernate-validator-5.3.5.Final.jar
7fb61807b000-7fb618080000 r--s 00038000 ca:01 2346513                    /home/ubuntu/.m2/repository/org/apache/tomcat/embed/tomcat-embed-websocket/8.5.23/tomcat-embed-websocket-8.5.23.jar
7fb618080000-7fb618084000 r--s 00037000 ca:01 2346511                    /home/ubuntu/.m2/repository/org/apache/tomcat/embed/tomcat-embed-el/8.5.23/tomcat-embed-el-8.5.23.jar
7fb618084000-7fb618086000 r--s 00003000 ca:01 2346509                    /home/ubuntu/.m2/repository/org/apache/tomcat/tomcat-annotations-api/8.5.23/tomcat-annotations-api-8.5.23.jar
7fb618086000-7fb6180af000 r--s 002c7000 ca:01 2346507                    /home/ubuntu/.m2/repository/org/apache/tomcat/embed/tomcat-embed-core/8.5.23/tomcat-embed-core-8.5.23.jar
7fb6180af000-7fb6180b0000 r--s 00000000 ca:01 2346505                    /home/ubuntu/.m2/repository/org/springframework/boot/spring-boot-starter-tomcat/1.5.8.RELEASE/spring-boot-starter-tomcat-1.5.8.RELEASE.jar
7fb6180b0000-7fb6180b6000 r--s 0003d000 ca:01 2346503                    /home/ubuntu/.m2/repository/org/yaml/snakeyaml/1.17/snakeyaml-1.17.jar
7fb6180b6000-7fb6180b8000 r--s 00004000 ca:01 2346501                    /home/ubuntu/.m2/repository/org/slf4j/log4j-over-slf4j/1.7.25/log4j-over-slf4j-1.7.25.jar
7fb6180b8000-7fb6180ba000 r--s 00000000 ca:01 2346496                    /home/ubuntu/.m2/repository/org/slf4j/jul-to-slf4j/1.7.25/jul-to-slf4j-1.7.25.jar
7fb6180ba000-7fb6180c5000 r--s 0006a000 ca:01 2092453                    /home/ubuntu/.m2/repository/ch/qos/logback/logback-core/1.1.11/logback-core-1.1.11.jar
7fb6180c5000-7fb6180cc000 r--s 00045000 ca:01 1840315                    /home/ubuntu/.m2/repository/ch/qos/logback/logback-classic/1.1.11/logback-classic-1.1.11.jar
7fb6180cc000-7fb6180cd000 r--s 00000000 ca:01 2346497                    /home/ubuntu/.m2/repository/org/springframework/boot/spring-boot-starter-logging/1.5.8.RELEASE/spring-boot-starter-logging-1.5.8.RELEASE.jar
7fb6180cd000-7fb6180ed000 r--s 000e6000 ca:01 2346495                    /home/ubuntu/.m2/repository/org/springframework/boot/spring-boot-autoconfigure/1.5.8.RELEASE/spring-boot-autoconfigure-1.5.8.RELEASE.jar
7fb6180ed000-7fb6180fd000 r--s 00095000 ca:01 2346493                    /home/ubuntu/.m2/repository/org/springframework/boot/spring-boot/1.5.8.RELEASE/spring-boot-1.5.8.RELEASE.jar
7fb6180fd000-7fb6180fe000 r--s 00000000 ca:01 2346491                    /home/ubuntu/.m2/repository/org/springframework/boot/spring-boot-starter/1.5.8.RELEASE/spring-boot-starter-1.5.8.RELEASE.jar
7fb6180fe000-7fb6180ff000 r--s 00000000 ca:01 2346489                    /home/ubuntu/.m2/repository/org/springframework/boot/spring-boot-starter-web/1.5.8.RELEASE/spring-boot-starter-web-1.5.8.RELEASE.jar
7fb6180ff000-7fb61812a000 r--s 001fc000 ca:01 2346899                    /home/ubuntu/.m2/repository/com/google/guava/guava/18.0/guava-18.0.jar
7fb61812a000-7fb61812b000 r--s 00008000 ca:01 2346897                    /home/ubuntu/.m2/repository/asm/asm-util/3.2/asm-util-3.2.jar
7fb61812b000-7fb61812c000 r--s 00004000 ca:01 2346892                    /home/ubuntu/.m2/repository/asm/asm-analysis/3.2/asm-analysis-3.2.jar
7fb61812c000-7fb61812f000 r--s 00013000 ca:01 1840384                    /home/ubuntu/.m2/repository/commons-io/commons-io/1.3.2/commons-io-1.3.2.jar
7fb61812f000-7fb618130000 r--s 00002000 ca:01 2346876                    /home/ubuntu/.m2/repository/org/vafer/jdependency/0.7/jdependency-0.7.jar
7fb618130000-7fb618133000 r--s 0000c000 ca:01 1595717                    /home/ubuntu/.m2/repository/org/apache/maven/shared/maven-dependency-tree/2.1/maven-dependency-tree-2.1.jar
7fb618133000-7fb618136000 r--s 00023000 ca:01 2346891                    /home/ubuntu/.m2/repository/org/jdom/jdom/1.1/jdom-1.1.jar
7fb618136000-7fb618138000 r--s 00004000 ca:01 2346886                    /home/ubuntu/.m2/repository/asm/asm-tree/3.3.1/asm-tree-3.3.1.jar
7fb618138000-7fb61813a000 r--s 00008000 ca:01 2346885                    /home/ubuntu/.m2/repository/asm/asm-commons/3.3.1/asm-commons-3.3.1.jar
7fb61813a000-7fb61813b000 r--s 0000a000 ca:01 2346883                    /home/ubuntu/.m2/repository/asm/asm/3.3.1/asm-3.3.1.jar
7fb61813b000-7fb618146000 r--s 00069000 ca:01 2346878                    /home/ubuntu/.m2/repository/org/sonatype/sisu/sisu-guice/2.1.7/sisu-guice-2.1.7-noaop.jar
7fb618146000-7fb61814b000 r--s 00021000 ca:01 2346877                    /home/ubuntu/.m2/repository/org/sonatype/sisu/sisu-inject-bean/1.4.2/sisu-inject-bean-1.4.2.jar
7fb61814b000-7fb61814d000 r--s 00017000 ca:01 2346873                    /home/ubuntu/.m2/repository/org/apache/maven/plugins/maven-shade-plugin/2.2/maven-shade-plugin-2.2.jar
7fb61814d000-7fb61814f000 r--s 00001000 ca:01 2346870                    /home/ubuntu/.m2/repository/org/sonatype/plexus/plexus-build-api/0.0.7/plexus-build-api-0.0.7.jar
7fb61814f000-7fb618153000 r--s 00038000 ca:01 1552546                    /home/ubuntu/.m2/repository/org/codehaus/plexus/plexus-utils/3.0.20/plexus-utils-3.0.20.jar
7fb618153000-7fb61815a000 r--s 00056000 ca:01 1555101                    /home/ubuntu/.m2/repository/org/apache/commons/commons-compress/1.9/commons-compress-1.9.jar
7fb61815a000-7fb61815e000 r--s 0000f000 ca:01 1595714                    /home/ubuntu/.m2/repository/org/codehaus/plexus/plexus-io/2.3.2/plexus-io-2.3.2.jar
7fb61815e000-7fb618162000 r--s 0001f000 ca:01 1595713                    /home/ubuntu/.m2/repository/org/codehaus/plexus/plexus-archiver/2.8.1/plexus-archiver-2.8.1.jar
7fb618162000-7fb618164000 r--s 00009000 ca:01 1552372                    /home/ubuntu/.m2/repository/org/hamcrest/hamcrest-core/1.3/hamcrest-core-1.3.jar
7fb618164000-7fb61816c000 r--s 00045000 ca:01 1554479                    /home/ubuntu/.m2/repository/junit/junit/4.12/junit-4.12.jar
7fb61816c000-7fb618175000 r--s 0006f000 ca:01 2346868                    /home/ubuntu/.m2/repository/log4j/log4j/1.2.17/log4j-1.2.17.jar
7fb618175000-7fb618177000 r--s 00006000 ca:01 1552602                    /home/ubuntu/.m2/repository/org/apache/maven/shared/maven-common-artifact-filters/1.4/maven-common-artifact-filters-1.4.jar
7fb618177000-7fb618179000 r--s 00002000 ca:01 1552595                    /home/ubuntu/.m2/repository/org/sonatype/plexus/plexus-cipher/1.4/plexus-cipher-1.4.jar
7fb618179000-7fb61817a000 r--s 00006000 ca:01 1552589                    /home/ubuntu/.m2/repository/org/sonatype/plexus/plexus-sec-dispatcher/1.3/plexus-sec-dispatcher-1.3.jar
7fb61817a000-7fb618180000 r--s 00042000 ca:01 2346849                    /home/ubuntu/.m2/repository/org/eclipse/sisu/org.eclipse.sisu.inject/0.0.0.M5/org.eclipse.sisu.inject-0.0.0.M5.jar
7fb618180000-7fb618182000 r--s 00000000 ca:01 1840377                    /home/ubuntu/.m2/repository/aopalliance/aopalliance/1.0/aopalliance-1.0.jar
7fb618182000-7fb61818a000 r--s 00050000 ca:01 1595699                    /home/ubuntu/.m2/repository/org/sonatype/sisu/sisu-guice/3.1.0/sisu-guice-3.1.0-no_aop.jar
7fb61818a000-7fb61818b000 r--s 00001000 ca:01 2346858                    /home/ubuntu/.m2/repository/javax/annotation/jsr250-api/1.0/jsr250-api-1.0.jar
7fb61818b000-7fb61818e000 r--s 00008000 ca:01 2346857                    /home/ubuntu/.m2/repository/javax/enterprise/cdi-api/1.0/cdi-api-1.0.jar
7fb61818e000-7fb618192000 r--s 00020000 ca:01 2346854                    /home/ubuntu/.m2/repository/org/eclipse/aether/aether-util/1.0.2.v20150114/aether-util-1.0.2.v20150114.jar
7fb618192000-7fb618195000 r--s 0000d000 ca:01 1595693                    /home/ubuntu/.m2/repository/org/codehaus/plexus/plexus-interpolation/1.21/plexus-interpolation-1.21.jar
7fb618195000-7fb618199000 r--s 00026000 ca:01 1552844                    /home/ubuntu/.m2/repository/org/apache/maven/shared/maven-shared-utils/0.7/maven-shared-utils-0.7.jar
7fb618199000-7fb61819a000 r--s 00005000 ca:01 1555093                    /home/ubuntu/.m2/repository/org/apache/maven/maven-archiver/2.6/maven-archiver-2.6.jar
7fb61819a000-7fb61819c000 r--s 0000e000 ca:01 2346844                    /home/ubuntu/.m2/repository/commons-logging/commons-logging/1.2/commons-logging-1.2.jar
7fb61819c000-7fb6181b3000 r--s 000fc000 ca:01 2346587                    /home/ubuntu/.m2/repository/org/springframework/spring-core/4.3.12.RELEASE/spring-core-4.3.12.RELEASE.jar
7fb6181b3000-7fb6181b6000 r--s 00023000 ca:01 2346842                    /home/ubuntu/.m2/repository/org/springframework/boot/spring-boot-loader-tools/1.5.8.RELEASE/spring-boot-loader-tools-1.5.8.RELEASE.jar
7fb6181b6000-7fb6181b8000 r--s 0000f000 ca:01 1595616                    /home/ubuntu/.m2/repository/org/springframework/boot/spring-boot-maven-plugin/1.5.8.RELEASE/spring-boot-maven-plugin-1.5.8.RELEASE.jar
7fb6181b8000-7fb6181bb000 r--s 0001b000 ca:01 1549367                    /home/ubuntu/.m2/repository/junit/junit/3.8.2/junit-3.8.2.jar
7fb6181bb000-7fb6181c9000 r--s 0008f000 ca:01 1549364                    /home/ubuntu/.m2/repository/com/google/collections/google-collections/1.0/google-collections-1.0.jar
7fb6181c9000-7fb6181ca000 r--s 0000a000 ca:01 1549363                    /home/ubuntu/.m2/repository/commons-logging/commons-logging-api/1.1/commons-logging-api-1.1.jar
7fb6181ca000-7fb6181d1000 r--s 00051000 ca:01 1549323                    /home/ubuntu/.m2/repository/log4j/log4j/1.2.12/log4j-1.2.12.jar
7fb6181d1000-7fb6181d5000 r--s 0001d000 ca:01 1549360                    /home/ubuntu/.m2/repository/org/apache/xbean/xbean-reflect/3.4/xbean-reflect-3.4.jar
7fb6181d5000-7fb6181d6000 r--s 00004000 ca:01 1549353                    /home/ubuntu/.m2/repository/org/codehaus/plexus/plexus-compiler-javac/2.2/plexus-compiler-javac-2.2.jar
7fb6181d6000-7fb6181d8000 r--s 00000000 ca:01 1549352                    /home/ubuntu/.m2/repository/org/codehaus/plexus/plexus-compiler-manager/2.2/plexus-compiler-manager-2.2.jar
7fb6181d8000-7fb6181da000 r--s 00005000 ca:01 1549351                    /home/ubuntu/.m2/repository/org/codehaus/plexus/plexus-compiler-api/2.2/plexus-compiler-api-2.2.jar
7fb6181da000-7fb6181dc000 r--s 00000000 ca:01 1549346                    /home/ubuntu/.m2/repository/org/codehaus/plexus/plexus-component-annotations/1.5.5/plexus-component-annotations-1.5.5.jar
7fb6181dc000-7fb6181de000 r--s 00002000 ca:01 1549345                    /home/ubuntu/.m2/repository/org/apache/maven/shared/maven-shared-incremental/1.1/maven-shared-incremental-1.1.jar
7fb6181de000-7fb6181e0000 r--s 00006000 ca:01 1549343                    /home/ubuntu/.m2/repository/com/google/code/findbugs/jsr305/2.0.1/jsr305-2.0.1.jar
7fb6181e0000-7fb6181e4000 r--s 00030000 ca:01 1549312                    /home/ubuntu/.m2/repository/org/codehaus/plexus/plexus-utils/1.5.1/plexus-utils-1.5.1.jar
7fb6181e4000-7fb6183e4000 rw-p 00000000 00:00 0 
7fb6183e4000-7fb6185e4000 rw-p 00000000 00:00 0 
7fb6185e4000-7fb6187e4000 rw-p 00000000 00:00 0 
7fb6187e4000-7fb6189e4000 rw-p 00000000 00:00 0 
7fb6189e4000-7fb618be4000 rw-p 00000000 00:00 0 
7fb618be4000-7fb618c00000 r--s 00393000 ca:01 257752                     /home/ubuntu/jdk1.8.0_131/jre/lib/ext/cldrdata.jar
7fb618c00000-7fb618e00000 rw-p 00000000 00:00 0 
7fb618e00000-7fb619000000 rw-p 00000000 00:00 0 
7fb619000000-7fb619ff0000 rwxp 00000000 00:00 0 
7fb619ff0000-7fb628000000 ---p 00000000 00:00 0 
7fb628000000-7fb628e43000 rw-p 00000000 00:00 0 
7fb628e43000-7fb62c000000 ---p 00000000 00:00 0 
7fb62c000000-7fb62c003000 r--s 00023000 ca:01 1549342                    /home/ubuntu/.m2/repository/org/apache/maven/shared/maven-shared-utils/0.1/maven-shared-utils-0.1.jar
7fb62c003000-7fb62c005000 r--s 00009000 ca:01 1548571                    /home/ubuntu/.m2/repository/org/apache/maven/plugins/maven-compiler-plugin/3.1/maven-compiler-plugin-3.1.jar
7fb62c005000-7fb62c007000 r--s 0000d000 ca:01 1548960                    /home/ubuntu/.m2/repository/org/codehaus/plexus/plexus-interpolation/1.13/plexus-interpolation-1.13.jar
7fb62c007000-7fb62c008000 r--s 00001000 ca:01 1548955                    /home/ubuntu/.m2/repository/org/sonatype/plexus/plexus-build-api/0.0.4/plexus-build-api-0.0.4.jar
7fb62c008000-7fb62c00a000 r--s 00009000 ca:01 1548954                    /home/ubuntu/.m2/repository/org/apache/maven/shared/maven-filtering/1.1/maven-filtering-1.1.jar
7fb62c00a000-7fb62c00e000 r--s 00033000 ca:01 1548953                    /home/ubuntu/.m2/repository/org/codehaus/plexus/plexus-utils/2.0.5/plexus-utils-2.0.5.jar
7fb62c00e000-7fb62c011000 r--s 0001b000 ca:01 1548951                    /home/ubuntu/.m2/repository/junit/junit/3.8.1/junit-3.8.1.jar
7fb62c011000-7fb62c013000 r--s 00002000 ca:01 1548937                    /home/ubuntu/.m2/repository/org/codehaus/plexus/plexus-interactivity-api/1.0-alpha-4/plexus-interactivity-api-1.0-alpha-4.jar
7fb62c013000-7fb62c015000 r--s 00006000 ca:01 1548932                    /home/ubuntu/.m2/repository/commons-cli/commons-cli/1.0/commons-cli-1.0.jar
7fb62c015000-7fb62c016000 r--s 00001000 ca:01 1548928                    /home/ubuntu/.m2/repository/org/apache/maven/doxia/doxia-sink-api/1.0-alpha-7/doxia-sink-api-1.0-alpha-7.jar
7fb62c016000-7fb62c017000 r--s 00002000 ca:01 1548924                    /home/ubuntu/.m2/repository/org/apache/maven/reporting/maven-reporting-api/2.0.6/maven-reporting-api-2.0.6.jar
7fb62c017000-7fb62c019000 r--s 00006000 ca:01 1548552                    /home/ubuntu/.m2/repository/org/apache/maven/plugins/maven-resources-plugin/2.6/maven-resources-plugin-2.6.jar
7fb62c019000-7fb62c023000 r--s 00116000 ca:01 257759                     /home/ubuntu/jdk1.8.0_131/jre/lib/ext/localedata.jar
7fb62c023000-7fb62c02c000 r--s 0005f000 ca:01 2346933                    /home/ubuntu/.m2/wrapper/dists/apache-maven-3.3.9-bin/2609u9g41na2l7ogackmif6fj2/apache-maven-3.3.9/lib/guice-4.0-no_aop.jar
7fb62c02c000-7fb62c02e000 r--s 00006000 ca:01 2346930                    /home/ubuntu/.m2/wrapper/dists/apache-maven-3.3.9-bin/2609u9g41na2l7ogackmif6fj2/apache-maven-3.3.9/lib/aether-spi-1.0.2.v20150114.jar
7fb62c02e000-7fb62c05c000 r--s 001fa000 ca:01 2346939                    /home/ubuntu/.m2/wrapper/dists/apache-maven-3.3.9-bin/2609u9g41na2l7ogackmif6fj2/apache-maven-3.3.9/lib/wagon-http-2.10-shaded.jar
7fb62c05c000-7fb62c05d000 r--s 00000000 ca:01 2346924                    /home/ubuntu/.m2/wrapper/dists/apache-maven-3.3.9-bin/2609u9g41na2l7ogackmif6fj2/apache-maven-3.3.9/lib/javax.inject-1.jar
7fb62c05d000-7fb62c061000 r--s 00038000 ca:01 2346908                    /home/ubuntu/.m2/wrapper/dists/apache-maven-3.3.9-bin/2609u9g41na2l7ogackmif6fj2/apache-maven-3.3.9/lib/plexus-utils-3.0.22.jar
7fb62c061000-7fb62c063000 r--s 0000c000 ca:01 2346919                    /home/ubuntu/.m2/wrapper/dists/apache-maven-3.3.9-bin/2609u9g41na2l7ogackmif6fj2/apache-maven-3.3.9/lib/maven-artifact-3.3.9.jar
7fb62c063000-7fb62c064000 r--s 00006000 ca:01 2346918                    /home/ubuntu/.m2/wrapper/dists/apache-maven-3.3.9-bin/2609u9g41na2l7ogackmif6fj2/apache-maven-3.3.9/lib/maven-repository-metadata-3.3.9.jar
7fb62c064000-7fb62c069000 r--s 00027000 ca:01 2346926                    /home/ubuntu/.m2/wrapper/dists/apache-maven-3.3.9-bin/2609u9g41na2l7ogackmif6fj2/apache-maven-3.3.9/lib/maven-model-builder-3.3.9.jar
7fb62c069000-7fb62c06b000 r--s 0000a000 ca:01 2346920                    /home/ubuntu/.m2/wrapper/dists/apache-maven-3.3.9-bin/2609u9g41na2l7ogackmif6fj2/apache-maven-3.3.9/lib/maven-plugin-api-3.3.9.jar
7fb62c06b000-7fb62c06d000 r--s 00000000 ca:01 2346934                    /home/ubuntu/.m2/wrapper/dists/apache-maven-3.3.9-bin/2609u9g41na2l7ogackmif6fj2/apache-maven-3.3.9/lib/aopalliance-1.0.jar
7fb62c06d000-7fb62c071000 r--s 00020000 ca:01 2346931                    /home/ubuntu/.m2/wrapper/dists/apache-maven-3.3.9-bin/2609u9g41na2l7ogackmif6fj2/apache-maven-3.3.9/lib/aether-util-1.0.2.v20150114.jar
7fb62c071000-7fb62c073000 r--s 00005000 ca:01 2346937                    /home/ubuntu/.m2/wrapper/dists/apache-maven-3.3.9-bin/2609u9g41na2l7ogackmif6fj2/apache-maven-3.3.9/lib/slf4j-api-1.7.5.jar
7fb62c073000-7fb62c075000 r--s 00009000 ca:01 2346938                    /home/ubuntu/.m2/wrapper/dists/apache-maven-3.3.9-bin/2609u9g41na2l7ogackmif6fj2/apache-maven-3.3.9/lib/commons-cli-1.2.jar
7fb62c075000-7fb62c076000 r--s 00002000 ca:01 2346944                    /home/ubuntu/.m2/wrapper/dists/apache-maven-3.3.9-bin/2609u9g41na2l7ogackmif6fj2/apache-maven-3.3.9/lib/wagon-file-2.10.jar
7fb62c076000-7fb62c07a000 r--s 00027000 ca:01 2346943                    /home/ubuntu/.m2/wrapper/dists/apache-maven-3.3.9-bin/2609u9g41na2l7ogackmif6fj2/apache-maven-3.3.9/lib/commons-io-2.2.jar
7fb62c07a000-7fb62c07d000 r--s 0000d000 ca:01 2346914                    /home/ubuntu/.m2/wrapper/dists/apache-maven-3.3.9-bin/2609u9g41na2l7ogackmif6fj2/apache-maven-3.3.9/lib/plexus-interpolation-1.21.jar
7fb62c07d000-7fb62c07e000 r--s 00001000 ca:01 2346923                    /home/ubuntu/.m2/wrapper/dists/apache-maven-3.3.9-bin/2609u9g41na2l7ogackmif6fj2/apache-maven-3.3.9/lib/jsr250-api-1.0.jar
7fb62c07e000-7fb62c081000 r--s 0000b000 ca:01 2346936                    /home/ubuntu/.m2/wrapper/dists/apache-maven-3.3.9-bin/2609u9g41na2l7ogackmif6fj2/apache-maven-3.3.9/lib/wagon-provider-api-2.10.jar
7fb62c081000-7fb62c085000 r--s 00027000 ca:01 2346932                    /home/ubuntu/.m2/wrapper/dists/apache-maven-3.3.9-bin/2609u9g41na2l7ogackmif6fj2/apache-maven-3.3.9/lib/aether-impl-1.0.2.v20150114.jar
7fb62c085000-7fb62c088000 r--s 00013000 ca:01 2346906                    /home/ubuntu/.m2/wrapper/dists/apache-maven-3.3.9-bin/2609u9g41na2l7ogackmif6fj2/apache-maven-3.3.9/lib/maven-embedder-3.3.9.jar
7fb62c088000-7fb62c089000 r--s 00002000 ca:01 2346940                    /home/ubuntu/.m2/wrapper/dists/apache-maven-3.3.9-bin/2609u9g41na2l7ogackmif6fj2/apache-maven-3.3.9/lib/wagon-http-shared-2.10.jar
7fb62c089000-7fb62c08a000 r--s 00008000 ca:01 2346945                    /home/ubuntu/.m2/wrapper/dists/apache-maven-3.3.9-bin/2609u9g41na2l7ogackmif6fj2/apache-maven-3.3.9/lib/aether-connector-basic-1.0.2.v20150114.jar
7fb62c08a000-7fb62c090000 r--s 00041000 ca:01 2346935                    /home/ubuntu/.m2/wrapper/dists/apache-maven-3.3.9-bin/2609u9g41na2l7ogackmif6fj2/apache-maven-3.3.9/lib/maven-compat-3.3.9.jar
7fb62c090000-7fb62c096000 r--s 0002d000 ca:01 2346921                    /home/ubuntu/.m2/wrapper/dists/apache-maven-3.3.9-bin/2609u9g41na2l7ogackmif6fj2/apache-maven-3.3.9/lib/org.eclipse.sisu.plexus-0.3.2.jar
7fb62c096000-7fb62c09c000 r--s 00042000 ca:01 2346941                    /home/ubuntu/.m2/wrapper/dists/apache-maven-3.3.9-bin/2609u9g41na2l7ogackmif6fj2/apache-maven-3.3.9/lib/jsoup-1.7.2.jar
7fb62c09c000-7fb62c09e000 r--s 00000000 ca:01 2346915                    /home/ubuntu/.m2/wrapper/dists/apache-maven-3.3.9-bin/2609u9g41na2l7ogackmif6fj2/apache-maven-3.3.9/lib/plexus-component-annotations-1.6.jar
7fb62c09e000-7fb62c09f000 r--s 00006000 ca:01 2346916                    /home/ubuntu/.m2/wrapper/dists/apache-maven-3.3.9-bin/2609u9g41na2l7ogackmif6fj2/apache-maven-3.3.9/lib/plexus-sec-dispatcher-1.3.jar
7fb62c09f000-7fb62c0a1000 r--s 00005000 ca:01 2346946                    /home/ubuntu/.m2/wrapper/dists/apache-maven-3.3.9-bin/2609u9g41na2l7ogackmif6fj2/apache-maven-3.3.9/lib/aether-transport-wagon-1.0.2.v20150114.jar
7fb62c0a1000-7fb62c0a2000 r--s 00003000 ca:01 2346913                    /home/ubuntu/.m2/wrapper/dists/apache-maven-3.3.9-bin/2609u9g41na2l7ogackmif6fj2/apache-maven-3.3.9/lib/maven-builder-support-3.3.9.jar
7fb62c0a2000-7fb62c0a4000 r--s 00009000 ca:01 2346912                    /home/ubuntu/.m2/wrapper/dists/apache-maven-3.3.9-bin/2609u9g41na2l7ogackmif6fj2/apache-maven-3.3.9/lib/maven-settings-builder-3.3.9.jar
7fb62c0a4000-7fb62c0a9000 r--s 00041000 ca:01 2346942                    /home/ubuntu/.m2/wrapper/dists/apache-maven-3.3.9-bin/2609u9g41na2l7ogackmif6fj2/apache-maven-3.3.9/lib/commons-lang-2.6.jar
7fb62c0a9000-7fb62c0b6000 r--s 0008f000 ca:01 2346909                    /home/ubuntu/.m2/wrapper/dists/apache-maven-3.3.9-bin/2609u9g41na2l7ogackmif6fj2/apache-maven-3.3.9/lib/maven-core-3.3.9.jar
7fb62c0b6000-7fb62c0bd000 r--s 00064000 ca:01 2346911                    /home/ubuntu/.m2/wrapper/dists/apache-maven-3.3.9-bin/2609u9g41na2l7ogackmif6fj2/apache-maven-3.3.9/lib/commons-lang3-3.4.jar
7fb62c0bd000-7fb62c0c0000 r--s 00008000 ca:01 2346922                    /home/ubuntu/.m2/wrapper/dists/apache-maven-3.3.9-bin/2609u9g41na2l7ogackmif6fj2/apache-maven-3.3.9/lib/cdi-api-1.0.jar
7fb62c0c0000-7fb62c0c2000 r--s 0000f000 ca:01 2346928                    /home/ubuntu/.m2/wrapper/dists/apache-maven-3.3.9-bin/2609u9g41na2l7ogackmif6fj2/apache-maven-3.3.9/lib/maven-aether-provider-3.3.9.jar
7fb62c0c2000-7fb62c0ca000 r--s 00055000 ca:01 2346925                    /home/ubuntu/.m2/wrapper/dists/apache-maven-3.3.9-bin/2609u9g41na2l7ogackmif6fj2/apache-maven-3.3.9/lib/org.eclipse.sisu.inject-0.3.2.jar
7fb62c0ca000-7fb62c0cc000 r--s 00002000 ca:01 2346917                    /home/ubuntu/.m2/wrapper/dists/apache-maven-3.3.9-bin/2609u9g41na2l7ogackmif6fj2/apache-maven-3.3.9/lib/plexus-cipher-1.7.jar
7fb62c0cc000-7fb62c0f7000 r--s 001fc000 ca:01 2346927                    /home/ubuntu/.m2/wrapper/dists/apache-maven-3.3.9-bin/2609u9g41na2l7ogackmif6fj2/apache-maven-3.3.9/lib/guava-18.0.jar
7fb62c0f7000-7fb62c0fa000 ---p 00000000 00:00 0 
7fb62c0fa000-7fb62c130000 rw-p 00000000 00:00 0 
7fb62c130000-7fb62c133000 ---p 00000000 00:00 0 
7fb62c133000-7fb62c231000 rw-p 00000000 00:00 0 
7fb62c231000-7fb62c244000 r--s 00345000 ca:01 257734                     /home/ubuntu/jdk1.8.0_131/jre/lib/resources.jar
7fb62c244000-7fb62c25b000 r-xp 00000000 ca:01 50464                      /lib/x86_64-linux-gnu/libresolv-2.23.so
7fb62c25b000-7fb62c45b000 ---p 00017000 ca:01 50464                      /lib/x86_64-linux-gnu/libresolv-2.23.so
7fb62c45b000-7fb62c45c000 r--p 00017000 ca:01 50464                      /lib/x86_64-linux-gnu/libresolv-2.23.so
7fb62c45c000-7fb62c45d000 rw-p 00018000 ca:01 50464                      /lib/x86_64-linux-gnu/libresolv-2.23.so
7fb62c45d000-7fb62c45f000 rw-p 00000000 00:00 0 
7fb62c45f000-7fb62c464000 r-xp 00000000 ca:01 8598                       /lib/x86_64-linux-gnu/libnss_dns-2.23.so
7fb62c464000-7fb62c664000 ---p 00005000 ca:01 8598                       /lib/x86_64-linux-gnu/libnss_dns-2.23.so
7fb62c664000-7fb62c665000 r--p 00005000 ca:01 8598                       /lib/x86_64-linux-gnu/libnss_dns-2.23.so
7fb62c665000-7fb62c666000 rw-p 00006000 ca:01 8598                       /lib/x86_64-linux-gnu/libnss_dns-2.23.so
7fb62c666000-7fb62c677000 r-xp 00000000 ca:01 257908                     /home/ubuntu/jdk1.8.0_131/jre/lib/amd64/libnio.so
7fb62c677000-7fb62c876000 ---p 00011000 ca:01 257908                     /home/ubuntu/jdk1.8.0_131/jre/lib/amd64/libnio.so
7fb62c876000-7fb62c877000 rw-p 00010000 ca:01 257908                     /home/ubuntu/jdk1.8.0_131/jre/lib/amd64/libnio.so
7fb62c877000-7fb62cb78000 rw-p 00000000 00:00 0 
7fb62cb78000-7fb62cb8e000 r-xp 00000000 ca:01 257905                     /home/ubuntu/jdk1.8.0_131/jre/lib/amd64/libnet.so
7fb62cb8e000-7fb62cd8e000 ---p 00016000 ca:01 257905                     /home/ubuntu/jdk1.8.0_131/jre/lib/amd64/libnet.so
7fb62cd8e000-7fb62cd8f000 rw-p 00016000 ca:01 257905                     /home/ubuntu/jdk1.8.0_131/jre/lib/amd64/libnet.so
7fb62cd8f000-7fb62cda5000 r-xp 00000000 ca:01 2038                       /lib/x86_64-linux-gnu/libgcc_s.so.1
7fb62cda5000-7fb62cfa4000 ---p 00016000 ca:01 2038                       /lib/x86_64-linux-gnu/libgcc_s.so.1
7fb62cfa4000-7fb62cfa5000 rw-p 00015000 ca:01 2038                       /lib/x86_64-linux-gnu/libgcc_s.so.1
7fb62cfa5000-7fb62cfd7000 r-xp 00000000 ca:01 257857                     /home/ubuntu/jdk1.8.0_131/jre/lib/amd64/libsunec.so
7fb62cfd7000-7fb62d1d6000 ---p 00032000 ca:01 257857                     /home/ubuntu/jdk1.8.0_131/jre/lib/amd64/libsunec.so
7fb62d1d6000-7fb62d1dc000 rw-p 00031000 ca:01 257857                     /home/ubuntu/jdk1.8.0_131/jre/lib/amd64/libsunec.so
7fb62d1dc000-7fb62d1ec000 rw-p 00000000 00:00 0 
7fb62d1ec000-7fb62d1ed000 ---p 00000000 00:00 0 
7fb62d1ed000-7fb62d2ed000 rw-p 00000000 00:00 0 
7fb62d2ed000-7fb62d2f0000 ---p 00000000 00:00 0 
7fb62d2f0000-7fb62d3ee000 rw-p 00000000 00:00 0 
7fb62d3ee000-7fb62d3f1000 ---p 00000000 00:00 0 
7fb62d3f1000-7fb62d4ef000 rw-p 00000000 00:00 0 
7fb62d4ef000-7fb62d4f2000 ---p 00000000 00:00 0 
7fb62d4f2000-7fb62d5f0000 rw-p 00000000 00:00 0 
7fb62d5f0000-7fb62d5f3000 ---p 00000000 00:00 0 
7fb62d5f3000-7fb62d6f1000 rw-p 00000000 00:00 0 
7fb62d6f1000-7fb62d889000 r--p 00000000 ca:01 5168                       /usr/lib/locale/locale-archive
7fb62d889000-7fb62d88c000 ---p 00000000 00:00 0 
7fb62d88c000-7fb62d98a000 rw-p 00000000 00:00 0 
7fb62d98a000-7fb62d98d000 ---p 00000000 00:00 0 
7fb62d98d000-7fb62da8b000 rw-p 00000000 00:00 0 
7fb62da8b000-7fb62da8c000 ---p 00000000 00:00 0 
7fb62da8c000-7fb62dbdb000 rw-p 00000000 00:00 0 
7fb62dbdb000-7fb62ddb4000 r--s 03d40000 ca:01 257696                     /home/ubuntu/jdk1.8.0_131/jre/lib/rt.jar
7fb62ddb4000-7fb62e6ad000 rw-p 00000000 00:00 0 
7fb62e6ad000-7fb62e6ed000 rw-p 00000000 00:00 0 
7fb62e6ed000-7fb62ea6d000 ---p 00000000 00:00 0 
7fb62ea6d000-7fb62ea87000 r-xp 00000000 ca:01 257901                     /home/ubuntu/jdk1.8.0_131/jre/lib/amd64/libzip.so
7fb62ea87000-7fb62ec87000 ---p 0001a000 ca:01 257901                     /home/ubuntu/jdk1.8.0_131/jre/lib/amd64/libzip.so
7fb62ec87000-7fb62ec88000 rw-p 0001a000 ca:01 257901                     /home/ubuntu/jdk1.8.0_131/jre/lib/amd64/libzip.so
7fb62ec88000-7fb62ec93000 r-xp 00000000 ca:01 25959                      /lib/x86_64-linux-gnu/libnss_files-2.23.so
7fb62ec93000-7fb62ee92000 ---p 0000b000 ca:01 25959                      /lib/x86_64-linux-gnu/libnss_files-2.23.so
7fb62ee92000-7fb62ee93000 r--p 0000a000 ca:01 25959                      /lib/x86_64-linux-gnu/libnss_files-2.23.so
7fb62ee93000-7fb62ee94000 rw-p 0000b000 ca:01 25959                      /lib/x86_64-linux-gnu/libnss_files-2.23.so
7fb62ee94000-7fb62ee9a000 rw-p 00000000 00:00 0 
7fb62ee9a000-7fb62eea5000 r-xp 00000000 ca:01 29692                      /lib/x86_64-linux-gnu/libnss_nis-2.23.so
7fb62eea5000-7fb62f0a4000 ---p 0000b000 ca:01 29692                      /lib/x86_64-linux-gnu/libnss_nis-2.23.so
7fb62f0a4000-7fb62f0a5000 r--p 0000a000 ca:01 29692                      /lib/x86_64-linux-gnu/libnss_nis-2.23.so
7fb62f0a5000-7fb62f0a6000 rw-p 0000b000 ca:01 29692                      /lib/x86_64-linux-gnu/libnss_nis-2.23.so
7fb62f0a6000-7fb62f0bc000 r-xp 00000000 ca:01 8491                       /lib/x86_64-linux-gnu/libnsl-2.23.so
7fb62f0bc000-7fb62f2bb000 ---p 00016000 ca:01 8491                       /lib/x86_64-linux-gnu/libnsl-2.23.so
7fb62f2bb000-7fb62f2bc000 r--p 00015000 ca:01 8491                       /lib/x86_64-linux-gnu/libnsl-2.23.so
7fb62f2bc000-7fb62f2bd000 rw-p 00016000 ca:01 8491                       /lib/x86_64-linux-gnu/libnsl-2.23.so
7fb62f2bd000-7fb62f2bf000 rw-p 00000000 00:00 0 
7fb62f2bf000-7fb62f2c7000 r-xp 00000000 ca:01 50423                      /lib/x86_64-linux-gnu/libnss_compat-2.23.so
7fb62f2c7000-7fb62f4c6000 ---p 00008000 ca:01 50423                      /lib/x86_64-linux-gnu/libnss_compat-2.23.so
7fb62f4c6000-7fb62f4c7000 r--p 00007000 ca:01 50423                      /lib/x86_64-linux-gnu/libnss_compat-2.23.so
7fb62f4c7000-7fb62f4c8000 rw-p 00008000 ca:01 50423                      /lib/x86_64-linux-gnu/libnss_compat-2.23.so
7fb62f4c8000-7fb62f4f3000 r-xp 00000000 ca:01 257895                     /home/ubuntu/jdk1.8.0_131/jre/lib/amd64/libjava.so
7fb62f4f3000-7fb62f6f2000 ---p 0002b000 ca:01 257895                     /home/ubuntu/jdk1.8.0_131/jre/lib/amd64/libjava.so
7fb62f6f2000-7fb62f6f4000 rw-p 0002a000 ca:01 257895                     /home/ubuntu/jdk1.8.0_131/jre/lib/amd64/libjava.so
7fb62f6f4000-7fb62f701000 r-xp 00000000 ca:01 257900                     /home/ubuntu/jdk1.8.0_131/jre/lib/amd64/libverify.so
7fb62f701000-7fb62f900000 ---p 0000d000 ca:01 257900                     /home/ubuntu/jdk1.8.0_131/jre/lib/amd64/libverify.so
7fb62f900000-7fb62f902000 rw-p 0000c000 ca:01 257900                     /home/ubuntu/jdk1.8.0_131/jre/lib/amd64/libverify.so
7fb62f902000-7fb62f909000 r-xp 00000000 ca:01 29717                      /lib/x86_64-linux-gnu/librt-2.23.so
7fb62f909000-7fb62fb08000 ---p 00007000 ca:01 29717                      /lib/x86_64-linux-gnu/librt-2.23.so
7fb62fb08000-7fb62fb09000 r--p 00006000 ca:01 29717                      /lib/x86_64-linux-gnu/librt-2.23.so
7fb62fb09000-7fb62fb0a000 rw-p 00007000 ca:01 29717                      /lib/x86_64-linux-gnu/librt-2.23.so
7fb62fb0a000-7fb62fc12000 r-xp 00000000 ca:01 50473                      /lib/x86_64-linux-gnu/libm-2.23.so
7fb62fc12000-7fb62fe11000 ---p 00108000 ca:01 50473                      /lib/x86_64-linux-gnu/libm-2.23.so
7fb62fe11000-7fb62fe12000 r--p 00107000 ca:01 50473                      /lib/x86_64-linux-gnu/libm-2.23.so
7fb62fe12000-7fb62fe13000 rw-p 00108000 ca:01 50473                      /lib/x86_64-linux-gnu/libm-2.23.so
7fb62fe13000-7fb630ae2000 r-xp 00000000 ca:01 257878                     /home/ubuntu/jdk1.8.0_131/jre/lib/amd64/server/libjvm.so
7fb630ae2000-7fb630ce2000 ---p 00ccf000 ca:01 257878                     /home/ubuntu/jdk1.8.0_131/jre/lib/amd64/server/libjvm.so
7fb630ce2000-7fb630dbb000 rw-p 00ccf000 ca:01 257878                     /home/ubuntu/jdk1.8.0_131/jre/lib/amd64/server/libjvm.so
7fb630dbb000-7fb630e06000 rw-p 00000000 00:00 0 
7fb630e06000-7fb630fc6000 r-xp 00000000 ca:01 50578                      /lib/x86_64-linux-gnu/libc-2.23.so
7fb630fc6000-7fb6311c6000 ---p 001c0000 ca:01 50578                      /lib/x86_64-linux-gnu/libc-2.23.so
7fb6311c6000-7fb6311ca000 r--p 001c0000 ca:01 50578                      /lib/x86_64-linux-gnu/libc-2.23.so
7fb6311ca000-7fb6311cc000 rw-p 001c4000 ca:01 50578                      /lib/x86_64-linux-gnu/libc-2.23.so
7fb6311cc000-7fb6311d0000 rw-p 00000000 00:00 0 
7fb6311d0000-7fb6311d3000 r-xp 00000000 ca:01 50422                      /lib/x86_64-linux-gnu/libdl-2.23.so
7fb6311d3000-7fb6313d2000 ---p 00003000 ca:01 50422                      /lib/x86_64-linux-gnu/libdl-2.23.so
7fb6313d2000-7fb6313d3000 r--p 00002000 ca:01 50422                      /lib/x86_64-linux-gnu/libdl-2.23.so
7fb6313d3000-7fb6313d4000 rw-p 00003000 ca:01 50422                      /lib/x86_64-linux-gnu/libdl-2.23.so
7fb6313d4000-7fb6313e9000 r-xp 00000000 ca:01 257511                     /home/ubuntu/jdk1.8.0_131/lib/amd64/jli/libjli.so
7fb6313e9000-7fb6315e9000 ---p 00015000 ca:01 257511                     /home/ubuntu/jdk1.8.0_131/lib/amd64/jli/libjli.so
7fb6315e9000-7fb6315ea000 rw-p 00015000 ca:01 257511                     /home/ubuntu/jdk1.8.0_131/lib/amd64/jli/libjli.so
7fb6315ea000-7fb631602000 r-xp 00000000 ca:01 25962                      /lib/x86_64-linux-gnu/libpthread-2.23.so
7fb631602000-7fb631801000 ---p 00018000 ca:01 25962                      /lib/x86_64-linux-gnu/libpthread-2.23.so
7fb631801000-7fb631802000 r--p 00017000 ca:01 25962                      /lib/x86_64-linux-gnu/libpthread-2.23.so
7fb631802000-7fb631803000 rw-p 00018000 ca:01 25962                      /lib/x86_64-linux-gnu/libpthread-2.23.so
7fb631803000-7fb631807000 rw-p 00000000 00:00 0 
7fb631807000-7fb63182d000 r-xp 00000000 ca:01 8597                       /lib/x86_64-linux-gnu/ld-2.23.so
7fb63182d000-7fb63182e000 r--s 0000a000 ca:01 2346907                    /home/ubuntu/.m2/wrapper/dists/apache-maven-3.3.9-bin/2609u9g41na2l7ogackmif6fj2/apache-maven-3.3.9/lib/maven-settings-3.3.9.jar
7fb63182e000-7fb631833000 r--s 0001d000 ca:01 2346929                    /home/ubuntu/.m2/wrapper/dists/apache-maven-3.3.9-bin/2609u9g41na2l7ogackmif6fj2/apache-maven-3.3.9/lib/aether-api-1.0.2.v20150114.jar
7fb631833000-7fb631834000 r--s 00002000 ca:01 2346947                    /home/ubuntu/.m2/wrapper/dists/apache-maven-3.3.9-bin/2609u9g41na2l7ogackmif6fj2/apache-maven-3.3.9/lib/slf4j-simple-1.7.5.jar
7fb631834000-7fb631837000 r--s 00026000 ca:01 2346910                    /home/ubuntu/.m2/wrapper/dists/apache-maven-3.3.9-bin/2609u9g41na2l7ogackmif6fj2/apache-maven-3.3.9/lib/maven-model-3.3.9.jar
7fb631837000-7fb631839000 r--s 0000b000 ca:01 2346904                    /home/ubuntu/.m2/wrapper/dists/apache-maven-3.3.9-bin/2609u9g41na2l7ogackmif6fj2/apache-maven-3.3.9/boot/plexus-classworlds-2.5.2.jar
7fb631839000-7fb63183f000 r--s 0003f000 ca:01 257760                     /home/ubuntu/jdk1.8.0_131/jre/lib/ext/sunjce_provider.jar
7fb63183f000-7fb631842000 r--s 0001a000 ca:01 257921                     /home/ubuntu/jdk1.8.0_131/jre/lib/jce.jar
7fb631842000-7fb631847000 r--s 0009a000 ca:01 257748                     /home/ubuntu/jdk1.8.0_131/jre/lib/jsse.jar
7fb631847000-7fb63185d000 rw-p 00000000 00:00 0 
7fb63185d000-7fb63189a000 ---p 00000000 00:00 0 
7fb63189a000-7fb6318a5000 rw-p 00000000 00:00 0 
7fb6318a5000-7fb6318c3000 ---p 00000000 00:00 0 
7fb6318c3000-7fb6318d9000 rw-p 00000000 00:00 0 
7fb6318d9000-7fb631916000 ---p 00000000 00:00 0 
7fb631916000-7fb631917000 rw-p 00000000 00:00 0 
7fb631917000-7fb63191f000 rw-s 00000000 ca:01 1949                       /tmp/hsperfdata_ubuntu/15269
7fb63191f000-7fb631922000 ---p 00000000 00:00 0 
7fb631922000-7fb631a24000 rw-p 00000000 00:00 0 
7fb631a24000-7fb631a26000 r--s 00009000 ca:01 257750                     /home/ubuntu/jdk1.8.0_131/jre/lib/ext/sunec.jar
7fb631a26000-7fb631a28000 r--s 0000b000 ca:01 2346103                    /home/ubuntu/microservice-mysql-simple/.mvn/wrapper/maven-wrapper.jar
7fb631a28000-7fb631a29000 rw-p 00000000 00:00 0 
7fb631a29000-7fb631a2a000 ---p 00000000 00:00 0 
7fb631a2a000-7fb631a2c000 rw-p 00000000 00:00 0 
7fb631a2c000-7fb631a2d000 r--p 00025000 ca:01 8597                       /lib/x86_64-linux-gnu/ld-2.23.so
7fb631a2d000-7fb631a2e000 rw-p 00026000 ca:01 8597                       /lib/x86_64-linux-gnu/ld-2.23.so
7fb631a2e000-7fb631a2f000 rw-p 00000000 00:00 0 
7ffcaf99b000-7ffcaf9bc000 rw-p 00000000 00:00 0                          [stack]
7ffcaf9df000-7ffcaf9e1000 r--p 00000000 00:00 0                          [vvar]
7ffcaf9e1000-7ffcaf9e3000 r-xp 00000000 00:00 0                          [vdso]
ffffffffff600000-ffffffffff601000 r-xp 00000000 00:00 0                  [vsyscall]

VM Arguments:
jvm_args: -Dmaven.home=/home/ubuntu -Dmaven.multiModuleProjectDirectory=/home/ubuntu/microservice-mysql-simple 
java_command: org.apache.maven.wrapper.MavenWrapperMain spring-boot:run
java_class_path (initial): /home/ubuntu/microservice-mysql-simple/.mvn/wrapper/maven-wrapper.jar
Launcher Type: SUN_STANDARD

Environment Variables:
JAVA_HOME=/home/ubuntu/jdk1.8.0_131
PATH=/home/ubuntu/bin:/home/ubuntu/.local/bin:/usr/local/sbin:/usr/local/bin:/usr/sbin:/usr/bin:/sbin:/bin:/usr/games:/usr/local/games:/home/ubuntu/jdk1.8.0_131/bin:/home/ubuntu/apache-maven-3.5.0/bin:/snap/bin
SHELL=/bin/bash

Signal Handlers:
SIGSEGV: [libjvm.so+0xac8af0], sa_mask[0]=11111111011111111101111111111110, sa_flags=SA_RESTART|SA_SIGINFO
SIGBUS: [libjvm.so+0xac8af0], sa_mask[0]=11111111011111111101111111111110, sa_flags=SA_RESTART|SA_SIGINFO
SIGFPE: [libjvm.so+0x921dd0], sa_mask[0]=11111111011111111101111111111110, sa_flags=SA_RESTART|SA_SIGINFO
SIGPIPE: [libjvm.so+0x921dd0], sa_mask[0]=11111111011111111101111111111110, sa_flags=SA_RESTART|SA_SIGINFO
SIGXFSZ: [libjvm.so+0x921dd0], sa_mask[0]=11111111011111111101111111111110, sa_flags=SA_RESTART|SA_SIGINFO
SIGILL: [libjvm.so+0x921dd0], sa_mask[0]=11111111011111111101111111111110, sa_flags=SA_RESTART|SA_SIGINFO
SIGUSR1: SIG_DFL, sa_mask[0]=00000000000000000000000000000000, sa_flags=none
SIGUSR2: [libjvm.so+0x923610], sa_mask[0]=00000000000000000000000000000000, sa_flags=SA_RESTART|SA_SIGINFO
SIGHUP: [libjvm.so+0x924a10], sa_mask[0]=11111111011111111101111111111110, sa_flags=SA_RESTART|SA_SIGINFO
SIGINT: [libjvm.so+0x924a10], sa_mask[0]=11111111011111111101111111111110, sa_flags=SA_RESTART|SA_SIGINFO
SIGTERM: [libjvm.so+0x924a10], sa_mask[0]=11111111011111111101111111111110, sa_flags=SA_RESTART|SA_SIGINFO
SIGQUIT: [libjvm.so+0x924a10], sa_mask[0]=11111111011111111101111111111110, sa_flags=SA_RESTART|SA_SIGINFO


---------------  S Y S T E M  ---------------

OS:DISTRIB_ID=Ubuntu
DISTRIB_RELEASE=16.04
DISTRIB_CODENAME=xenial
DISTRIB_DESCRIPTION="Ubuntu 16.04.3 LTS"

uname:Linux 4.4.0-1044-aws #53-Ubuntu SMP Mon Dec 11 13:49:57 UTC 2017 x86_64
libc:glibc 2.23 NPTL 2.23 
rlimit: STACK 8192k, CORE 0k, NPROC 3901, NOFILE 65536, AS infinity
load average:0.90 0.24 0.08

/proc/meminfo:
MemTotal:        1014644 kB
MemFree:           62744 kB
MemAvailable:       9928 kB
Buffers:             708 kB
Cached:            29332 kB
SwapCached:            0 kB
Active:           857200 kB
Inactive:          21356 kB
Active(anon):     851624 kB
Inactive(anon):    11756 kB
Active(file):       5576 kB
Inactive(file):     9600 kB
Unevictable:        3660 kB
Mlocked:            3660 kB
SwapTotal:             0 kB
SwapFree:              0 kB
Dirty:               156 kB
Writeback:             0 kB
AnonPages:        852256 kB
Mapped:            21848 kB
Shmem:             12360 kB
Slab:              41396 kB
SReclaimable:      22016 kB
SUnreclaim:        19380 kB
KernelStack:        4960 kB
PageTables:         8528 kB
NFS_Unstable:          0 kB
Bounce:                0 kB
WritebackTmp:          0 kB
CommitLimit:      507320 kB
Committed_AS:    1704900 kB
VmallocTotal:   34359738367 kB
VmallocUsed:           0 kB
VmallocChunk:          0 kB
HardwareCorrupted:     0 kB
AnonHugePages:    514048 kB
CmaTotal:              0 kB
CmaFree:               0 kB
HugePages_Total:       0
HugePages_Free:        0
HugePages_Rsvd:        0
HugePages_Surp:        0
Hugepagesize:       2048 kB
DirectMap4k:       53248 kB
DirectMap2M:      995328 kB


CPU:total 1 (initial active 1) (1 cores per cpu, 1 threads per core) family 6 model 63 stepping 2, cmov, cx8, fxsr, mmx, sse, sse2, sse3, ssse3, sse4.1, sse4.2, popcnt, avx, avx2, aes, clmul, erms, lzcnt, tsc, bmi1, bmi2

/proc/cpuinfo:
processor	: 0
vendor_id	: GenuineIntel
cpu family	: 6
model		: 63
model name	: Intel(R) Xeon(R) CPU E5-2676 v3 @ 2.40GHz
stepping	: 2
microcode	: 0x3b
cpu MHz		: 2400.072
cache size	: 30720 KB
physical id	: 0
siblings	: 1
core id		: 0
cpu cores	: 1
apicid		: 0
initial apicid	: 0
fpu		: yes
fpu_exception	: yes
cpuid level	: 13
wp		: yes
flags		: fpu vme de pse tsc msr pae mce cx8 apic sep mtrr pge mca cmov pat pse36 clflush mmx fxsr sse sse2 ht syscall nx rdtscp lm constant_tsc rep_good nopl xtopology eagerfpu pni pclmulqdq ssse3 fma cx16 pcid sse4_1 sse4_2 x2apic movbe popcnt tsc_deadline_timer aes xsave avx f16c rdrand hypervisor lahf_lm abm fsgsbase bmi1 avx2 smep bmi2 erms invpcid xsaveopt
bugs		:
bogomips	: 4800.14
clflush size	: 64
cache_alignment	: 64
address sizes	: 46 bits physical, 48 bits virtual
power management:



Memory: 4k page, physical 1014644k(62744k free), swap 0k(0k free)

vm_info: Java HotSpot(TM) 64-Bit Server VM (25.131-b11) for linux-amd64 JRE (1.8.0_131-b11), built on Mar 15 2017 01:23:40 by "java_re" with gcc 4.3.0 20080428 (Red Hat 4.3.0-8)

time: Fri Dec 15 18:02:06 2017
elapsed time: 16 seconds (0d 0h 0m 16s)

